<?xml version="1.0" encoding="UTF-8"?>
<!-- Generated by org.testng.reporters.JUnitXMLReporter -->
<testsuite ignored="0" hostname="CTAADPG038WZQ" failures="4" tests="8" name="Test" time="3.236" errors="0" timestamp="2023-07-10T14:13:17 IST">
  <testcase classname="basepackage.BaseClass" name="@BeforeClass openbrowser" time="3.178">
    <failure type="org.openqa.selenium.remote.http.ConnectionFailedException" message="Unable to establish websocket connection to http://localhost:60026/devtools/browser/992ca67f-f1db-4457-85f8-462f31d86ff0
Build info: version: &amp;apos;4.7.2&amp;apos;, revision: &amp;apos;4d4020c3b7&amp;apos;
System info: os.name: &amp;apos;Windows 11&amp;apos;, os.arch: &amp;apos;amd64&amp;apos;, os.version: &amp;apos;10.0&amp;apos;, java.version: &amp;apos;17.0.5&amp;apos;
Driver info: driver.version: ChromeDriver">
      <![CDATA[org.openqa.selenium.remote.http.ConnectionFailedException: Unable to establish websocket connection to http://localhost:60026/devtools/browser/992ca67f-f1db-4457-85f8-462f31d86ff0
Build info: version: '4.7.2', revision: '4d4020c3b7'
System info: os.name: 'Windows 11', os.arch: 'amd64', os.version: '10.0', java.version: '17.0.5'
Driver info: driver.version: ChromeDriver
at org.openqa.selenium.remote.http.netty.NettyWebSocket.<init>(NettyWebSocket.java:102)
at org.openqa.selenium.remote.http.netty.NettyWebSocket.lambda$create$3(NettyWebSocket.java:128)
at org.openqa.selenium.remote.http.netty.NettyClient.openSocket(NettyClient.java:107)
at org.openqa.selenium.devtools.Connection.<init>(Connection.java:78)
at org.openqa.selenium.chromium.ChromiumDriver.lambda$new$2(ChromiumDriver.java:116)
at java.base/java.util.Optional.map(Optional.java:260)
at org.openqa.selenium.chromium.ChromiumDriver.<init>(ChromiumDriver.java:114)
at org.openqa.selenium.chrome.ChromeDriver.<init>(ChromeDriver.java:82)
at org.openqa.selenium.chrome.ChromeDriver.<init>(ChromeDriver.java:50)
at basepackage.BaseClass.openbrowser(BaseClass.java:35)
at java.base/java.util.ArrayList.forEach(ArrayList.java:1511)
... Removed 25 stack frames]]>
    </failure>
  </testcase> <!-- @BeforeClass openbrowser -->
  <testcase classname="org.ct_TestPackage.TestClass01" name="homepagetest" time="0.0">
    <skipped/>
  </testcase> <!-- homepagetest -->
  <testcase classname="org.ct_TestPackage.TestClass01" name="homepagetest" time="0.012">
    <failure type="java.lang.NullPointerException" message="Cannot invoke &amp;quot;org.openqa.selenium.TakesScreenshot.getScreenshotAs(org.openqa.selenium.OutputType)&amp;quot; because &amp;quot;driver&amp;quot; is null">
      <![CDATA[java.lang.NullPointerException: Cannot invoke "org.openqa.selenium.TakesScreenshot.getScreenshotAs(org.openqa.selenium.OutputType)" because "driver" is null
at org.ct_utilitiesPackage.ScreenShotCode.screenshotmethod(ScreenShotCode.java:27)
at org.ct_utilitiesPackage.Listerner.onTestSkipped(Listerner.java:39)
at java.base/java.util.ArrayList.forEach(ArrayList.java:1511)
... Removed 25 stack frames]]>
    </failure>
  </testcase> <!-- homepagetest -->
  <testcase classname="org.ct_TestPackage.TestClass01" name="hristest" time="0.0">
    <skipped/>
  </testcase> <!-- hristest -->
  <testcase classname="org.ct_TestPackage.TestClass01" name="hristest" time="0.003">
    <failure type="java.lang.NullPointerException" message="Cannot invoke &amp;quot;org.openqa.selenium.TakesScreenshot.getScreenshotAs(org.openqa.selenium.OutputType)&amp;quot; because &amp;quot;driver&amp;quot; is null">
      <![CDATA[java.lang.NullPointerException: Cannot invoke "org.openqa.selenium.TakesScreenshot.getScreenshotAs(org.openqa.selenium.OutputType)" because "driver" is null
at org.ct_utilitiesPackage.ScreenShotCode.screenshotmethod(ScreenShotCode.java:27)
at org.ct_utilitiesPackage.Listerner.onTestSkipped(Listerner.java:39)
at java.base/java.util.ArrayList.forEach(ArrayList.java:1511)
... Removed 25 stack frames]]>
    </failure>
  </testcase> <!-- hristest -->
  <testcase classname="org.ct_TestPackage.TestClass01" name="handledropdown" time="0.0">
    <skipped/>
  </testcase> <!-- handledropdown -->
  <testcase classname="org.ct_TestPackage.TestClass01" name="handledropdown" time="0.004">
    <failure type="java.lang.NullPointerException" message="Cannot invoke &amp;quot;org.openqa.selenium.TakesScreenshot.getScreenshotAs(org.openqa.selenium.OutputType)&amp;quot; because &amp;quot;driver&amp;quot; is null">
      <![CDATA[java.lang.NullPointerException: Cannot invoke "org.openqa.selenium.TakesScreenshot.getScreenshotAs(org.openqa.selenium.OutputType)" because "driver" is null
at org.ct_utilitiesPackage.ScreenShotCode.screenshotmethod(ScreenShotCode.java:27)
at org.ct_utilitiesPackage.Listerner.onTestSkipped(Listerner.java:39)
at java.base/java.util.ArrayList.forEach(ArrayList.java:1511)
... Removed 25 stack frames]]>
    </failure>
  </testcase> <!-- handledropdown -->
  <testcase classname="org.ct_TestPackage.TestClass01" name="ClickOnRemoveIconMethodTest" time="0.0">
    <skipped/>
  </testcase> <!-- ClickOnRemoveIconMethodTest -->
  <testcase classname="org.ct_TestPackage.TestClass01" name="ClickOnRemoveIconMethodTest" time="0.002">
    <failure type="java.lang.NullPointerException" message="Cannot invoke &amp;quot;org.openqa.selenium.TakesScreenshot.getScreenshotAs(org.openqa.selenium.OutputType)&amp;quot; because &amp;quot;driver&amp;quot; is null">
      <![CDATA[java.lang.NullPointerException: Cannot invoke "org.openqa.selenium.TakesScreenshot.getScreenshotAs(org.openqa.selenium.OutputType)" because "driver" is null
at org.ct_utilitiesPackage.ScreenShotCode.screenshotmethod(ScreenShotCode.java:27)
at org.ct_utilitiesPackage.Listerner.onTestSkipped(Listerner.java:39)
at java.base/java.util.ArrayList.forEach(ArrayList.java:1511)
... Removed 25 stack frames]]>
    </failure>
  </testcase> <!-- ClickOnRemoveIconMethodTest -->
</testsuite> <!-- Test -->
