<?xml version="1.0" encoding="UTF-8"?>
<!-- Generated by org.testng.reporters.JUnitReportReporter -->
<testsuite hostname="CTAADPG038WZQ" failures="0" tests="5" name="org.ct_TestPackage.TestClass01" time="-1687950848.000" errors="1" timestamp="2023-06-28T16:43:44 IST" skipped="4">
  <testcase classname="org.ct_TestPackage.TestClass01" name="openbrowser" time="-1687950848.000">
    <error message="
Parameter &#039;browser&#039; is required by BeforeClass on method openbrowser but has not been marked @Optional or defined
in C:\Users\AniketG3\AppData\Local\Temp\testng-eclipse--999703572\testng-customsuite.xml" type="org.testng.TestNGException">
      <![CDATA[org.testng.TestNGException: 
Parameter 'browser' is required by BeforeClass on method openbrowser but has not been marked @Optional or defined
in C:\Users\AniketG3\AppData\Local\Temp\testng-eclipse--999703572\testng-customsuite.xml
at org.testng.internal.Parameters.createParams(Parameters.java:270)
at org.testng.internal.Parameters.createParametersForMethod(Parameters.java:358)
at org.testng.internal.Parameters.createParameters(Parameters.java:700)
at org.testng.internal.Parameters.createConfigurationParameters(Parameters.java:168)
at org.testng.internal.ConfigInvoker.invokeConfigurations(ConfigInvoker.java:302)
at org.testng.internal.TestMethodWorker.invokeBeforeClassMethods(TestMethodWorker.java:176)
at org.testng.internal.TestMethodWorker.run(TestMethodWorker.java:122)
at java.base/java.util.ArrayList.forEach(ArrayList.java:1511)
at org.testng.TestRunner.privateRun(TestRunner.java:794)
at org.testng.TestRunner.run(TestRunner.java:596)
at org.testng.SuiteRunner.runTest(SuiteRunner.java:377)
at org.testng.SuiteRunner.runSequentially(SuiteRunner.java:371)
at org.testng.SuiteRunner.privateRun(SuiteRunner.java:332)
at org.testng.SuiteRunner.run(SuiteRunner.java:276)
at org.testng.SuiteRunnerWorker.runSuite(SuiteRunnerWorker.java:53)
at org.testng.SuiteRunnerWorker.run(SuiteRunnerWorker.java:96)
at org.testng.TestNG.runSuitesSequentially(TestNG.java:1212)
at org.testng.TestNG.runSuitesLocally(TestNG.java:1134)
at org.testng.TestNG.runSuites(TestNG.java:1063)
at org.testng.TestNG.run(TestNG.java:1031)
at org.testng.remote.AbstractRemoteTestNG.run(AbstractRemoteTestNG.java:115)
at org.testng.remote.RemoteTestNG.initAndRun(RemoteTestNG.java:251)
at org.testng.remote.RemoteTestNG.main(RemoteTestNG.java:77)
]]>
    </error>
  </testcase> <!-- openbrowser -->
  <system-out/>
  <testcase classname="org.ct_TestPackage.TestClass01" name="homepagetest" time="0.000">
    <skipped/>
  </testcase> <!-- homepagetest -->
  <system-out/>
  <testcase classname="org.ct_TestPackage.TestClass01" name="hristest" time="0.000">
    <skipped/>
  </testcase> <!-- hristest -->
  <system-out/>
  <testcase classname="org.ct_TestPackage.TestClass01" name="handledropdown" time="0.000">
    <skipped/>
  </testcase> <!-- handledropdown -->
  <system-out/>
  <testcase classname="org.ct_TestPackage.TestClass01" name="ClickOnRemoveIconMethodTest" time="0.000">
    <skipped/>
  </testcase> <!-- ClickOnRemoveIconMethodTest -->
  <system-out/>
</testsuite> <!-- org.ct_TestPackage.TestClass01 -->
